[2019-05-06 10:47:12.850] [exthost] [info] extension host started
[2019-05-06 10:47:14.403] [exthost] [info] extension host started
[2019-05-06 10:47:14.444] [exthost] [info] ExtensionService#_doActivateExtension vscode.debug-auto-launch {"startup":true,"activationEvent":"*"}
[2019-05-06 10:47:14.445] [exthost] [info] ExtensionService#loadCommonJSModule c:\Users\Contrader\.codemix\engine\resources\app\extensions\debug-auto-launch\dist\extension
[2019-05-06 10:47:14.453] [exthost] [info] ExtensionService#_doActivateExtension vscode.emmet {"startup":true,"activationEvent":"*"}
[2019-05-06 10:47:14.453] [exthost] [info] ExtensionService#loadCommonJSModule c:\Users\Contrader\.codemix\engine\resources\app\extensions\emmet\dist\extension
[2019-05-06 10:47:14.487] [exthost] [info] ExtensionService#_doActivateExtension vscode.merge-conflict {"startup":true,"activationEvent":"*"}
[2019-05-06 10:47:14.487] [exthost] [info] ExtensionService#loadCommonJSModule c:\Users\Contrader\.codemix\engine\resources\app\extensions\merge-conflict\dist\extension
[2019-05-06 10:47:14.499] [exthost] [info] ExtensionService#_doActivateExtension christian-kohler.path-intellisense {"startup":true,"activationEvent":"*"}
[2019-05-06 10:47:14.499] [exthost] [info] ExtensionService#loadCommonJSModule C:\Users\Contrader\.codemix\extensions\christian-kohler.path-intellisense-1.4.2\out\src\extension
[2019-05-06 10:47:14.553] [exthost] [info] ExtensionService#_doActivateExtension dbaeumer.vscode-eslint {"startup":true,"activationEvent":"*"}
[2019-05-06 10:47:14.553] [exthost] [info] ExtensionService#loadCommonJSModule C:\Users\Contrader\.codemix\extensions\dbaeumer.vscode-eslint-1.8.2\client\out\extension
[2019-05-06 10:47:14.698] [exthost] [info] ExtensionService#_doActivateExtension formulahendry.auto-close-tag {"startup":true,"activationEvent":"*"}
[2019-05-06 10:47:14.698] [exthost] [info] ExtensionService#loadCommonJSModule C:\Users\Contrader\.codemix\extensions\formulahendry.auto-close-tag-0.5.6\out\src\extension
[2019-05-06 10:47:14.702] [exthost] [info] ExtensionService#_doActivateExtension formulahendry.auto-rename-tag {"startup":true,"activationEvent":"*"}
[2019-05-06 10:47:14.702] [exthost] [info] ExtensionService#loadCommonJSModule C:\Users\Contrader\.codemix\extensions\formulahendry.auto-rename-tag-0.0.15\out\src\extension
[2019-05-06 10:47:14.714] [exthost] [info] ExtensionService#_doActivateExtension vscode.configuration-editing {"startup":false,"activationEvent":"onLanguage:jsonc"}
[2019-05-06 10:47:14.714] [exthost] [info] ExtensionService#loadCommonJSModule c:\Users\Contrader\.codemix\engine\resources\app\extensions\configuration-editing\dist\extension
[2019-05-06 10:47:14.770] [exthost] [info] ExtensionService#_doActivateExtension vscode.json-language-features {"startup":false,"activationEvent":"onLanguage:jsonc"}
[2019-05-06 10:47:14.770] [exthost] [info] ExtensionService#loadCommonJSModule c:\Users\Contrader\.codemix\engine\resources\app\extensions\json-language-features\client\dist\jsonMain
[2019-05-06 10:47:15.216] [exthost] [info] ExtensionService#_doActivateExtension vscode.typescript-language-features {"startup":false,"activationEvent":"onLanguage:jsonc"}
[2019-05-06 10:47:15.216] [exthost] [info] ExtensionService#loadCommonJSModule c:\Users\Contrader\.codemix\engine\resources\app\extensions\typescript-language-features\dist\extension
[2019-05-06 10:47:15.425] [exthost] [info] ExtensionService#_doActivateExtension vscode.grunt {"startup":false,"activationEvent":"onCommand:workbench.action.tasks.runTask"}
[2019-05-06 10:47:15.425] [exthost] [info] ExtensionService#loadCommonJSModule c:\Users\Contrader\.codemix\engine\resources\app\extensions\grunt\dist\main
[2019-05-06 10:47:15.433] [exthost] [info] ExtensionService#_doActivateExtension vscode.gulp {"startup":false,"activationEvent":"onCommand:workbench.action.tasks.runTask"}
[2019-05-06 10:47:15.433] [exthost] [info] ExtensionService#loadCommonJSModule c:\Users\Contrader\.codemix\engine\resources\app\extensions\gulp\dist\main
[2019-05-06 10:47:15.442] [exthost] [info] ExtensionService#_doActivateExtension vscode.jake {"startup":false,"activationEvent":"onCommand:workbench.action.tasks.runTask"}
[2019-05-06 10:47:15.442] [exthost] [info] ExtensionService#loadCommonJSModule c:\Users\Contrader\.codemix\engine\resources\app\extensions\jake\dist\main
[2019-05-06 10:47:15.451] [exthost] [info] ExtensionService#_doActivateExtension vscode.npm {"startup":false,"activationEvent":"onCommand:workbench.action.tasks.runTask"}
[2019-05-06 10:47:15.451] [exthost] [info] ExtensionService#loadCommonJSModule c:\Users\Contrader\.codemix\engine\resources\app\extensions\npm\dist\main
[2019-05-06 10:47:15.502] [exthost] [info] eager extensions activated
